[INFO] Scanning for projects...
[INFO] 
[INFO] -------------------< com.follysitou:sellia-backend >--------------------
[INFO] Building sellia-backend 0.0.1-SNAPSHOT
[INFO]   from pom.xml
[INFO] --------------------------------[ jar ]---------------------------------
[INFO] 
[INFO] >>> spring-boot:3.5.6:run (default-cli) > test-compile @ sellia-backend >>>
[INFO] 
[INFO] --- resources:3.3.1:resources (default-resources) @ sellia-backend ---
[INFO] Copying 1 resource from src\main\resources to target\classes
[INFO] Copying 8 resources from src\main\resources to target\classes
[INFO] 
[INFO] --- compiler:3.14.0:compile (default-compile) @ sellia-backend ---
[INFO] Nothing to compile - all classes are up to date.
[INFO] 
[INFO] --- resources:3.3.1:testResources (default-testResources) @ sellia-backend ---
[INFO] skip non existing resourceDirectory D:\Fullstack-projects\sellia-project\sellia-backend\src\test\resources
[INFO] 
[INFO] --- compiler:3.14.0:testCompile (default-testCompile) @ sellia-backend ---
[INFO] Recompiling the module because of changed source code.
[INFO] Compiling 1 source file with javac [debug parameters release 21] to target\test-classes
[INFO] 
[INFO] <<< spring-boot:3.5.6:run (default-cli) < test-compile @ sellia-backend <<<
[INFO] 
[INFO] 
[INFO] --- spring-boot:3.5.6:run (default-cli) @ sellia-backend ---
[INFO] Attaching agents: []

  .   ____          _            __ _ _
 /\\ / ___'_ __ _ _(_)_ __  __ _ \ \ \ \
( ( )\___ | '_ | '_| | '_ \/ _` | \ \ \ \
 \\/  ___)| |_)| | | | | || (_| |  ) ) ) )
  '  |____| .__|_| |_|_| |_\__, | / / / /
 =========|_|==============|___/=/_/_/_/

 :: Spring Boot ::                (v3.5.6)

2025-10-22 19:19:50,427 [main] INFO  c.f.s.SelliaBackendApplication - Starting SelliaBackendApplication using Java 21.0.6 with PID 19436 (D:\Fullstack-projects\sellia-project\sellia-backend\target\classes started by Carlo in D:\Fullstack-projects\sellia-project\sellia-backend)
2025-10-22 19:19:50,427 [main] INFO  c.f.s.SelliaBackendApplication - No active profile set, falling back to 1 default profile: "default"
2025-10-22 19:19:51,180 [main] INFO  o.s.d.r.c.RepositoryConfigurationDelegate - Bootstrapping Spring Data JPA repositories in DEFAULT mode.
2025-10-22 19:19:51,247 [main] INFO  o.s.d.r.c.RepositoryConfigurationDelegate - Finished Spring Data repository scanning in 60 ms. Found 18 JPA repository interfaces.
2025-10-22 19:19:51,728 [main] INFO  o.s.b.w.e.tomcat.TomcatWebServer - Tomcat initialized with port 8080 (http)
2025-10-22 19:19:51,741 [main] INFO  o.a.coyote.http11.Http11NioProtocol - Initializing ProtocolHandler ["http-nio-8080"]
2025-10-22 19:19:51,741 [main] INFO  o.a.catalina.core.StandardService - Starting service [Tomcat]
2025-10-22 19:19:51,741 [main] INFO  o.a.catalina.core.StandardEngine - Starting Servlet engine: [Apache Tomcat/10.1.46]
2025-10-22 19:19:51,784 [main] INFO  o.a.c.c.C.[Tomcat].[localhost].[/] - Initializing Spring embedded WebApplicationContext
2025-10-22 19:19:51,784 [main] INFO  o.s.b.w.s.c.ServletWebServerApplicationContext - Root WebApplicationContext: initialization completed in 1321 ms
2025-10-22 19:19:52,211 [main] INFO  o.s.o.j.p.SpringPersistenceUnitInfo - No LoadTimeWeaver setup: ignoring JPA class transformer
2025-10-22 19:19:52,228 [main] INFO  com.zaxxer.hikari.HikariDataSource - HikariPool-1 - Starting...
2025-10-22 19:19:52,360 [main] INFO  com.zaxxer.hikari.pool.HikariPool - HikariPool-1 - Added connection org.postgresql.jdbc.PgConnection@2954c429
2025-10-22 19:19:52,360 [main] INFO  com.zaxxer.hikari.HikariDataSource - HikariPool-1 - Start completed.
2025-10-22 19:19:52,386 [main] WARN  org.hibernate.orm.deprecation - HHH90000025: PostgreSQLDialect does not need to be specified explicitly using 'hibernate.dialect' (remove the property setting and it will be selected by default)
2025-10-22 19:19:54,342 [main] INFO  o.s.o.j.LocalContainerEntityManagerFactoryBean - Initialized JPA EntityManagerFactory for persistence unit 'default'
2025-10-22 19:19:54,564 [main] INFO  o.s.d.j.r.query.QueryEnhancerFactory - Hibernate is in classpath; If applicable, HQL parser will be used.
2025-10-22 19:19:56,405 [main] WARN  o.s.b.a.o.j.JpaBaseConfiguration$JpaWebConfiguration - spring.jpa.open-in-view is enabled by default. Therefore, database queries may be performed during view rendering. Explicitly configure spring.jpa.open-in-view to disable this warning
2025-10-22 19:19:56,656 [main] INFO  o.s.b.a.e.web.EndpointLinksResolver - Exposing 1 endpoint beneath base path '/actuator'
2025-10-22 19:19:56,688 [main] WARN  o.s.s.c.a.a.c.InitializeUserDetailsBeanManagerConfigurer$InitializeUserDetailsManagerConfigurer - Global AuthenticationManager configured with an AuthenticationProvider bean. UserDetailsService beans will not be used by Spring Security for automatically configuring username/password login. Consider removing the AuthenticationProvider bean. Alternatively, consider using the UserDetailsService in a manually instantiated DaoAuthenticationProvider. If the current configuration is intentional, to turn off this warning, increase the logging level of 'org.springframework.security.config.annotation.authentication.configuration.InitializeUserDetailsBeanManagerConfigurer' to ERROR
2025-10-22 19:19:57,013 [main] INFO  o.s.m.s.b.SimpleBrokerMessageHandler - Starting...
2025-10-22 19:19:57,013 [main] INFO  o.s.m.s.b.SimpleBrokerMessageHandler - BrokerAvailabilityEvent[available=true, SimpleBrokerMessageHandler [org.springframework.messaging.simp.broker.DefaultSubscriptionRegistry@1f0fdc17]]
2025-10-22 19:19:57,013 [main] INFO  o.s.m.s.b.SimpleBrokerMessageHandler - Started.
2025-10-22 19:19:57,013 [main] INFO  o.a.coyote.http11.Http11NioProtocol - Starting ProtocolHandler ["http-nio-8080"]
2025-10-22 19:19:57,055 [main] INFO  o.s.b.w.e.tomcat.TomcatWebServer - Tomcat started on port 8080 (http) with context path '/'
2025-10-22 19:19:57,055 [main] INFO  c.f.s.SelliaBackendApplication - Started SelliaBackendApplication in 6.963 seconds (process running for 7.315)
2025-10-22 19:19:57,123 [main] INFO  c.f.s.s.DataInitializationService - Initializing default roles...
Hibernate: 
    select
        r1_0.id,
        r1_0.active,
        r1_0.created_at,
        r1_0.created_by,
        r1_0.deleted,
        r1_0.deleted_at,
        r1_0.deleted_by,
        r1_0.description,
        r1_0.name,
        r1_0.public_id,
        r1_0.updated_at,
        r1_0.updated_by 
    from
        roles r1_0 
    where
        r1_0.name=?
2025-10-22 19:19:57,183 [main] INFO  c.f.s.s.DataInitializationService - ✓ ADMIN role already exists
Hibernate: 
    select
        r1_0.id,
        r1_0.active,
        r1_0.created_at,
        r1_0.created_by,
        r1_0.deleted,
        r1_0.deleted_at,
        r1_0.deleted_by,
        r1_0.description,
        r1_0.name,
        r1_0.public_id,
        r1_0.updated_at,
        r1_0.updated_by 
    from
        roles r1_0 
    where
        r1_0.name=?
2025-10-22 19:19:57,199 [main] INFO  c.f.s.s.DataInitializationService - ✓ CAISSE role already exists
Hibernate: 
    select
        r1_0.id,
        r1_0.active,
        r1_0.created_at,
        r1_0.created_by,
        r1_0.deleted,
        r1_0.deleted_at,
        r1_0.deleted_by,
        r1_0.description,
        r1_0.name,
        r1_0.public_id,
        r1_0.updated_at,
        r1_0.updated_by 
    from
        roles r1_0 
    where
        r1_0.name=?
2025-10-22 19:19:57,199 [main] INFO  c.f.s.s.DataInitializationService - ✓ CUISINE role already exists
2025-10-22 19:19:57,199 [main] INFO  c.f.s.s.DataInitializationService - Default roles initialization completed
